<?xml version="1.0" encoding="UTF-8"?>
<!-- Generated by org.testng.reporters.JUnitXMLReporter -->
<testsuite hostname="DESKTOP-K7L8TBA" ignored="0" name="Default test" tests="3" failures="0" timestamp="2020-01-19T11:41:24 EST" time="21.276" errors="0">
  <testcase name="login" time="2.547" classname="com.testcases.LoginPageTest"/>
  <testcase name="logo" time="0.121" classname="com.testcases.LoginPageTest"/>
  <testcase name="negativeLogin" time="0.35" classname="com.testcases.LoginPageTest"/>
</testsuite> <!-- Default test -->
